Computing installation plan...
A suitable version of cmake was not found (required v3.30.1).
Downloading https://github.com/Kitware/CMake/releases/download/v3.30.1/cmake-3.30.1-linux-x86_64.tar.gz -> cmake-3.30.1-linux-x86_64.tar.gz
Successfully downloaded cmake-3.30.1-linux-x86_64.tar.gz
Extracting cmake...
The following packages will be built and installed:
    fmt:x64-linux@11.0.2#1
  * vcpkg-cmake:x64-linux@2024-04-23
  * vcpkg-cmake-config:x64-linux@2024-05-23
Additional packages (*) will be modified to complete this operation.
Detecting compiler hash for triplet x64-linux...
Compiler found: /usr/bin/c++
Restored 3 package(s) from /home/marvijo/.cache/vcpkg/archives in 881 ms. Use --debug to see more details.
Installing 1/3 vcpkg-cmake:x64-linux@2024-04-23...
Elapsed time to handle vcpkg-cmake:x64-linux: 264 ms
vcpkg-cmake:x64-linux package ABI: e4edddf5f044dbe159a1d21ecaca79b4bd69195ac3341b7f2d15fb320b605954
Installing 2/3 vcpkg-cmake-config:x64-linux@2024-05-23...
Elapsed time to handle vcpkg-cmake-config:x64-linux: 168 ms
vcpkg-cmake-config:x64-linux package ABI: 6fbd90049de1389dfdbe4e365810aebd87db5f7afefd34aaf621f0e4b7884d42
Installing 3/3 fmt:x64-linux@11.0.2#1...
Elapsed time to handle fmt:x64-linux: 827 ms
fmt:x64-linux package ABI: 1646256ee4ab51648852ef76438a95648e20e1e45cf653f28ffd3a1a769de305
Total install time: 1.3 s
The package fmt provides CMake targets:

    find_package(fmt CONFIG REQUIRED)
    target_link_libraries(main PRIVATE fmt::fmt)

    # Or use the header-only version
    find_package(fmt CONFIG REQUIRED)
    target_link_libraries(main PRIVATE fmt::fmt-header-only)

All requested installations completed successfully in: 1.3 s
